<?xml version="1.0" encoding="UTF-8"?>
<testsuite name="HelloTest" tests="1" skipped="0" failures="0" errors="0" timestamp="2022-10-25T19:29:31" hostname="Fresh-BOOK" time="0.102">
  <properties/>
  <testcase name="testHello" classname="HelloTest" time="0.102"/>
  <system-out><![CDATA[]]></system-out>
  <system-err><![CDATA[]]></system-err>
</testsuite>
